
=== Fri Feb  1 18:36:42 2019

Packages were changed.
Update Mode: updateDependencies

The following packages were added:
  com.unity.collab-proxy@1.2.15
The following packages were updated:
  com.unity.package-manager-ui from version 1.9.11 to 2.0.3
  com.unity.render-pipelines.lightweight from version 3.0.0-preview to 4.1.0-preview
  com.unity.textmeshpro from version 1.2.4 to 1.3.0

=== Fri Jun  7 15:51:39 2019

Packages were changed.
Update Mode: updateDependencies

The following packages were added:
  com.unity.timeline@1.0.0
  com.unity.multiplayer-hlapi@1.0.2
  com.unity.xr.legacyinputhelpers@2.0.2
The following packages were updated:
  com.unity.collab-proxy from version 1.2.15 to 1.2.16
  com.unity.package-manager-ui from version 2.0.3 to 2.1.2
  com.unity.render-pipelines.lightweight from version 4.1.0-preview to 5.7.2
  com.unity.textmeshpro from version 1.3.0 to 2.0.1

=== Wed Nov 13 15:02:53 2019

Packages were changed.
Update Mode: updateDependencies

The following packages were added:
  com.unity.analytics@3.2.2
  com.unity.purchasing@2.0.3
  com.unity.ads@2.0.8
